<?xml version="1.0" encoding="UTF-8"?>
<!-- Generated by org.testng.reporters.JUnitXMLReporter -->
<testsuite ignored="0" hostname="DESKTOP-P7B0QUM" failures="1" tests="1" name="edgeTest" time="189.072" errors="0" timestamp="2024-09-06T12:53:59 IST">
  <testcase classname="testCases.TC001_AccountRegistation_Test" name="AccountRegistationTest" time="181.34">
    <failure type="java.lang.AssertionError" message="null">
      <![CDATA[java.lang.AssertionError: null
at testCases.TC001_AccountRegistation_Test.AccountRegistationTest(TC001_AccountRegistation_Test.java:63)
at java.base/java.util.ArrayList.forEach(ArrayList.java:1511)
at java.base/java.util.concurrent.FutureTask.run(FutureTask.java:264)
at java.base/java.util.concurrent.ThreadPoolExecutor.runWorker(ThreadPoolExecutor.java:1136)
at java.base/java.util.concurrent.ThreadPoolExecutor$Worker.run(ThreadPoolExecutor.java:635)
at java.base/java.lang.Thread.run(Thread.java:840)
... Removed 19 stack frames]]>
    </failure>
  </testcase> <!-- AccountRegistationTest -->
</testsuite> <!-- edgeTest -->
